c:\users\xiao\desktop\qt_exercises\c++ gui qt4\chap03\spreadsheet\spreadsheet\debug\spreadsheet.obj
c:\users\xiao\desktop\qt_exercises\c++ gui qt4\chap03\spreadsheet\spreadsheet\debug\cell.obj
c:\users\xiao\desktop\qt_exercises\c++ gui qt4\chap03\spreadsheet\spreadsheet\debug\main.obj
c:\users\xiao\desktop\qt_exercises\c++ gui qt4\chap03\spreadsheet\spreadsheet\debug\mainwindow.obj
c:\users\xiao\desktop\qt_exercises\c++ gui qt4\chap03\spreadsheet\spreadsheet\debug\vc142.pdb
c:\users\xiao\desktop\qt_exercises\c++ gui qt4\chap03\spreadsheet\spreadsheet\debug\qrc_mainwindow.obj
c:\users\xiao\desktop\qt_exercises\c++ gui qt4\chap03\spreadsheet\spreadsheet\debug\moc_spreadsheet.obj
c:\users\xiao\desktop\qt_exercises\c++ gui qt4\chap03\spreadsheet\spreadsheet\debug\moc_mainwindow.obj
c:\users\xiao\desktop\qt_exercises\c++ gui qt4\chap03\spreadsheet\debug\spreadsheet.exe
c:\users\xiao\desktop\qt_exercises\c++ gui qt4\chap03\spreadsheet\debug\spreadsheet.ilk
c:\users\xiao\desktop\qt_exercises\c++ gui qt4\chap03\spreadsheet\debug\spreadsheet.pdb
c:\users\xiao\desktop\qt_exercises\c++ gui qt4\chap03\spreadsheet\spreadsheet\debug\moc\moc_mainwindow.cpp
c:\users\xiao\desktop\qt_exercises\c++ gui qt4\chap03\spreadsheet\spreadsheet\debug\moc\moc_spreadsheet.cpp
c:\users\xiao\desktop\qt_exercises\c++ gui qt4\chap03\spreadsheet\spreadsheet\debug\rcc\qrc_mainwindow.cpp
c:\users\xiao\desktop\qt_exercises\c++ gui qt4\chap03\spreadsheet\spreadsheet\debug\spreadsheet.tlog\cl.command.1.tlog
c:\users\xiao\desktop\qt_exercises\c++ gui qt4\chap03\spreadsheet\spreadsheet\debug\spreadsheet.tlog\cl.read.1.tlog
c:\users\xiao\desktop\qt_exercises\c++ gui qt4\chap03\spreadsheet\spreadsheet\debug\spreadsheet.tlog\cl.write.1.tlog
c:\users\xiao\desktop\qt_exercises\c++ gui qt4\chap03\spreadsheet\spreadsheet\debug\spreadsheet.tlog\link.command.1.tlog
c:\users\xiao\desktop\qt_exercises\c++ gui qt4\chap03\spreadsheet\spreadsheet\debug\spreadsheet.tlog\link.read.1.tlog
c:\users\xiao\desktop\qt_exercises\c++ gui qt4\chap03\spreadsheet\spreadsheet\debug\spreadsheet.tlog\link.write.1.tlog
c:\users\xiao\desktop\qt_exercises\c++ gui qt4\chap03\spreadsheet\spreadsheet\debug\spreadsheet.tlog\moc.read.1u.tlog
c:\users\xiao\desktop\qt_exercises\c++ gui qt4\chap03\spreadsheet\spreadsheet\debug\spreadsheet.tlog\moc.write.1u.tlog
c:\users\xiao\desktop\qt_exercises\c++ gui qt4\chap03\spreadsheet\spreadsheet\debug\spreadsheet.tlog\rcc.read.1u.tlog
c:\users\xiao\desktop\qt_exercises\c++ gui qt4\chap03\spreadsheet\spreadsheet\debug\spreadsheet.tlog\rcc.write.1u.tlog
c:\users\xiao\desktop\qt_exercises\c++ gui qt4\chap03\spreadsheet\spreadsheet\debug\spreadsheet.tlog\spreadsheet.write.1u.tlog
